<?xml version="1.0" encoding="UTF-8"?>
<testng-results ignored="1" total="2" passed="1" failed="0" skipped="0">
  <reporter-output>
  </reporter-output>
  <suite started-at="2024-09-19T09:36:07Z" name="Default suite" finished-at="2024-09-19T09:36:07Z" duration-ms="45">
    <groups>
    </groups>
    <test started-at="2024-09-19T09:36:07Z" name="Default test" finished-at="2024-09-19T09:36:07Z" duration-ms="45">
      <class name="pac1.OrgTest">
        <test-method signature="createContactTest()[pri:0, instance:pac1.OrgTest@68df9280]" started-at="2024-09-19T09:36:07Z" name="createContactTest" finished-at="2024-09-19T09:36:07Z" duration-ms="11" status="PASS">
          <reporter-output>
          </reporter-output>
        </test-method> <!-- createContactTest -->
      </class> <!-- pac1.OrgTest -->
    </test> <!-- Default test -->
  </suite> <!-- Default suite -->
</testng-results>
