<?xml version="1.0" encoding="UTF-8"?>
<testng-results ignored="0" total="2" passed="2" failed="0" skipped="0">
  <reporter-output>
  </reporter-output>
  <suite started-at="2024-09-19T10:04:09Z" name="Default suite" finished-at="2024-09-19T10:04:09Z" duration-ms="42">
    <groups>
    </groups>
    <test started-at="2024-09-19T10:04:09Z" name="Default test" finished-at="2024-09-19T10:04:09Z" duration-ms="42">
      <class name="pac1.OrgTest">
        <test-method signature="createContactTest()[pri:0, instance:pac1.OrgTest@1339e7aa]" started-at="2024-09-19T10:04:09Z" name="createContactTest" finished-at="2024-09-19T10:04:09Z" duration-ms="10" status="PASS">
          <reporter-output>
          </reporter-output>
        </test-method> <!-- createContactTest -->
        <test-method signature="modifyContactTest()[pri:0, instance:pac1.OrgTest@1339e7aa]" started-at="2024-09-19T10:04:09Z" name="modifyContactTest" finished-at="2024-09-19T10:04:09Z" duration-ms="2" status="PASS">
          <reporter-output>
          </reporter-output>
        </test-method> <!-- modifyContactTest -->
      </class> <!-- pac1.OrgTest -->
    </test> <!-- Default test -->
  </suite> <!-- Default suite -->
</testng-results>
