<?xml version="1.0" encoding="UTF-8"?>
<!-- Generated by org.testng.reporters.JUnitXMLReporter -->
<testsuite ignored="0" hostname="Shiva" failures="0" tests="4" name="Surefire test" time="0.042" errors="0" timestamp="19 Sep 2024 07:07:44 GMT">
  <testcase classname="pac1.OrgTest" name="createContactTest" time="0.008"/>
  <testcase classname="pac1.OrgTest" name="modifyContactTest" time="0.001"/>
  <testcase classname="pac2.ContactTest" name="createContactTest" time="0.001"/>
  <testcase classname="pac2.ContactTest" name="modifyContactTest" time="0.001"/>
</testsuite> <!-- Surefire test -->
