<?xml version="1.0" encoding="UTF-8"?>
<!-- Generated by org.testng.reporters.JUnitXMLReporter -->
<testsuite ignored="0" hostname="Shiva" failures="0" tests="4" name="Test" time="0.041" errors="0" timestamp="19 Sep 2024 07:19:17 GMT">
  <testcase classname="pac1.OrgTest" name="createContactTest" time="0.008"/>
  <testcase classname="pac1.OrgTest" name="modifyContactTest" time="0.001"/>
  <testcase classname="pac2.ContactTest" name="createContactTest" time="0.0"/>
  <testcase classname="pac2.ContactTest" name="modifyContactTest" time="0.0"/>
</testsuite> <!-- Test -->
