<?xml version="1.0" encoding="UTF-8"?>
<testng-results ignored="0" total="4" passed="4" failed="0" skipped="0">
  <reporter-output>
  </reporter-output>
  <suite started-at="2024-09-19T07:19:17Z" name="Suite" finished-at="2024-09-19T07:19:17Z" duration-ms="41">
    <groups>
    </groups>
    <test started-at="2024-09-19T07:19:17Z" name="Test" finished-at="2024-09-19T07:19:17Z" duration-ms="41">
      <class name="pac2.ContactTest">
        <test-method signature="createContactTest()[pri:0, instance:pac2.ContactTest@6283d8b8]" started-at="2024-09-19T07:19:17Z" name="createContactTest" finished-at="2024-09-19T07:19:17Z" duration-ms="0" status="PASS">
          <reporter-output>
          </reporter-output>
        </test-method> <!-- createContactTest -->
        <test-method signature="modifyContactTest()[pri:0, instance:pac2.ContactTest@6283d8b8]" started-at="2024-09-19T07:19:17Z" name="modifyContactTest" finished-at="2024-09-19T07:19:17Z" duration-ms="0" status="PASS">
          <reporter-output>
          </reporter-output>
        </test-method> <!-- modifyContactTest -->
      </class> <!-- pac2.ContactTest -->
      <class name="pac1.OrgTest">
        <test-method signature="createContactTest()[pri:0, instance:pac1.OrgTest@22ef9844]" started-at="2024-09-19T07:19:17Z" name="createContactTest" finished-at="2024-09-19T07:19:17Z" duration-ms="8" status="PASS">
          <reporter-output>
          </reporter-output>
        </test-method> <!-- createContactTest -->
        <test-method signature="modifyContactTest()[pri:0, instance:pac1.OrgTest@22ef9844]" started-at="2024-09-19T07:19:17Z" name="modifyContactTest" finished-at="2024-09-19T07:19:17Z" duration-ms="1" status="PASS">
          <reporter-output>
          </reporter-output>
        </test-method> <!-- modifyContactTest -->
      </class> <!-- pac1.OrgTest -->
    </test> <!-- Test -->
  </suite> <!-- Suite -->
</testng-results>
